Performing C++ SOURCE FILE Test CMAKE_HAVE_LIBC_PTHREAD failed with the following output:
Change Dir: /home/my/Workspace/Learn_vSLAM_OpenSource_Code/msckf_vio/build/CMakeFiles/CMakeTmp

Run Build Command(s):/usr/bin/ninja cmTC_14055 && [1/2] Building CXX object CMakeFiles/cmTC_14055.dir/src.cxx.o
[2/2] Linking CXX executable cmTC_14055
FAILED: cmTC_14055 
: && /usr/bin/c++  -DCMAKE_HAVE_LIBC_PTHREAD  -rdynamic CMakeFiles/cmTC_14055.dir/src.cxx.o  -o cmTC_14055   && :
/usr/bin/ld: CMakeFiles/cmTC_14055.dir/src.cxx.o: in function `main':
src.cxx:(.text+0x46): undefined reference to `pthread_create'
/usr/bin/ld: src.cxx:(.text+0x52): undefined reference to `pthread_detach'
/usr/bin/ld: src.cxx:(.text+0x63): undefined reference to `pthread_join'
collect2: error: ld returned 1 exit status
ninja: build stopped: subcommand failed.


Source file was:
#include <pthread.h>

void* test_func(void* data)
{
  return data;
}

int main(void)
{
  pthread_t thread;
  pthread_create(&thread, NULL, test_func, NULL);
  pthread_detach(thread);
  pthread_join(thread, NULL);
  pthread_atfork(NULL, NULL, NULL);
  pthread_exit(NULL);

  return 0;
}

Determining if the function pthread_create exists in the pthreads failed with the following output:
Change Dir: /home/my/Workspace/Learn_vSLAM_OpenSource_Code/msckf_vio/build/CMakeFiles/CMakeTmp

Run Build Command(s):/usr/bin/ninja cmTC_1af7f && [1/2] Building CXX object CMakeFiles/cmTC_1af7f.dir/CheckFunctionExists.cxx.o
[2/2] Linking CXX executable cmTC_1af7f
FAILED: cmTC_1af7f 
: && /usr/bin/c++  -DCHECK_FUNCTION_EXISTS=pthread_create  -rdynamic CMakeFiles/cmTC_1af7f.dir/CheckFunctionExists.cxx.o  -o cmTC_1af7f  -lpthreads && :
/usr/bin/ld: cannot find -lpthreads
collect2: error: ld returned 1 exit status
ninja: build stopped: subcommand failed.



Performing C++ SOURCE FILE Test CMAKE_HAVE_LIBC_PTHREAD failed with the following output:
Change Dir: /home/my/Workspace/Learn_vSLAM_OpenSource_Code/msckf_vio/build/CMakeFiles/CMakeTmp

Run Build Command(s):/usr/bin/make cmTC_2a9dd/fast && /usr/bin/make -f CMakeFiles/cmTC_2a9dd.dir/build.make CMakeFiles/cmTC_2a9dd.dir/build
make[1]: Entering directory '/home/my/Workspace/Learn_vSLAM_OpenSource_Code/msckf_vio/build/CMakeFiles/CMakeTmp'
Building CXX object CMakeFiles/cmTC_2a9dd.dir/src.cxx.o
/usr/bin/c++    -DCMAKE_HAVE_LIBC_PTHREAD   -o CMakeFiles/cmTC_2a9dd.dir/src.cxx.o -c /home/my/Workspace/Learn_vSLAM_OpenSource_Code/msckf_vio/build/CMakeFiles/CMakeTmp/src.cxx
Linking CXX executable cmTC_2a9dd
/usr/bin/cmake -E cmake_link_script CMakeFiles/cmTC_2a9dd.dir/link.txt --verbose=1
/usr/bin/c++   -DCMAKE_HAVE_LIBC_PTHREAD    -rdynamic CMakeFiles/cmTC_2a9dd.dir/src.cxx.o  -o cmTC_2a9dd 
/usr/bin/ld: CMakeFiles/cmTC_2a9dd.dir/src.cxx.o: in function `main':
src.cxx:(.text+0x46): undefined reference to `pthread_create'
/usr/bin/ld: src.cxx:(.text+0x52): undefined reference to `pthread_detach'
/usr/bin/ld: src.cxx:(.text+0x63): undefined reference to `pthread_join'
collect2: error: ld returned 1 exit status
make[1]: *** [CMakeFiles/cmTC_2a9dd.dir/build.make:87: cmTC_2a9dd] Error 1
make[1]: Leaving directory '/home/my/Workspace/Learn_vSLAM_OpenSource_Code/msckf_vio/build/CMakeFiles/CMakeTmp'
make: *** [Makefile:121: cmTC_2a9dd/fast] Error 2


Source file was:
#include <pthread.h>

void* test_func(void* data)
{
  return data;
}

int main(void)
{
  pthread_t thread;
  pthread_create(&thread, NULL, test_func, NULL);
  pthread_detach(thread);
  pthread_join(thread, NULL);
  pthread_atfork(NULL, NULL, NULL);
  pthread_exit(NULL);

  return 0;
}

Determining if the function pthread_create exists in the pthreads failed with the following output:
Change Dir: /home/my/Workspace/Learn_vSLAM_OpenSource_Code/msckf_vio/build/CMakeFiles/CMakeTmp

Run Build Command(s):/usr/bin/make cmTC_ffec3/fast && /usr/bin/make -f CMakeFiles/cmTC_ffec3.dir/build.make CMakeFiles/cmTC_ffec3.dir/build
make[1]: Entering directory '/home/my/Workspace/Learn_vSLAM_OpenSource_Code/msckf_vio/build/CMakeFiles/CMakeTmp'
Building CXX object CMakeFiles/cmTC_ffec3.dir/CheckFunctionExists.cxx.o
/usr/bin/c++    -DCHECK_FUNCTION_EXISTS=pthread_create   -o CMakeFiles/cmTC_ffec3.dir/CheckFunctionExists.cxx.o -c /home/my/Workspace/Learn_vSLAM_OpenSource_Code/msckf_vio/build/CMakeFiles/CheckLibraryExists/CheckFunctionExists.cxx
Linking CXX executable cmTC_ffec3
/usr/bin/cmake -E cmake_link_script CMakeFiles/cmTC_ffec3.dir/link.txt --verbose=1
/usr/bin/c++   -DCHECK_FUNCTION_EXISTS=pthread_create    -rdynamic CMakeFiles/cmTC_ffec3.dir/CheckFunctionExists.cxx.o  -o cmTC_ffec3  -lpthreads 
/usr/bin/ld: cannot find -lpthreads
collect2: error: ld returned 1 exit status
make[1]: *** [CMakeFiles/cmTC_ffec3.dir/build.make:87: cmTC_ffec3] Error 1
make[1]: Leaving directory '/home/my/Workspace/Learn_vSLAM_OpenSource_Code/msckf_vio/build/CMakeFiles/CMakeTmp'
make: *** [Makefile:121: cmTC_ffec3/fast] Error 2



